<?xml version="1.0" encoding="UTF-8"?>
<testsuite xmlns:xsi="http://www.w3.org/2001/XMLSchema-instance" xsi:noNamespaceSchemaLocation="https://maven.apache.org/surefire/maven-surefire-plugin/xsd/surefire-test-report-3.0.xsd" version="3.0" name="TestSuite" time="162.344" tests="26" errors="0" skipped="20" failures="5">
  <properties>
[...]
</properties>
  <testcase name="setUp" classname="com.chief.VoteTest" time="16.458">
    <failure message="Could not start a new session. Response code 500. Message: Process unexpectedly closed with status 1 &#10;Host info: host: &apos;BARACUDA-PC&apos;, ip: &apos;127.0.1.1&apos;&#10;Build info: version: &apos;4.17.0&apos;, revision: &apos;e52b1be057*&apos;&#10;System info: os.name: &apos;Linux&apos;, os.arch: &apos;amd64&apos;, os.version: &apos;6.5.0-18-generic&apos;, java.version: &apos;17.0.9&apos;&#10;Driver info: org.openqa.selenium.firefox.FirefoxDriver&#10;Command: [null, newSession {capabilities=[Capabilities {acceptInsecureCerts: true, browserName: firefox, moz:debuggerAddress: true, moz:firefoxOptions: {binary: /usr/bin/firefox}}]}]" type="org.openqa.selenium.SessionNotCreatedException"><![CDATA[org.openqa.selenium.SessionNotCreatedException: 
Could not start a new session. Response code 500. Message: Process unexpectedly closed with status 1 
Host info: host: 'BARACUDA-PC', ip: '127.0.1.1'
Build info: version: '4.17.0', revision: 'e52b1be057*'
System info: os.name: 'Linux', os.arch: 'amd64', os.version: '6.5.0-18-generic', java.version: '17.0.9'
Driver info: org.openqa.selenium.firefox.FirefoxDriver
Command: [null, newSession {capabilities=[Capabilities {acceptInsecureCerts: true, browserName: firefox, moz:debuggerAddress: true, moz:firefoxOptions: {binary: /usr/bin/firefox}}]}]
]]></failure>
    <system-out><![CDATA[This is executed!!
]]></system-out>
  </testcase>
  <testcase name="testVoting" classname="com.chief.VoteTest" time="0">
    <skipped message="Could not start a new session. Response code 500. Message: Process unexpectedly closed with status 1 &#10;Host info: host: &apos;BARACUDA-PC&apos;, ip: &apos;127.0.1.1&apos;&#10;Build info: version: &apos;4.17.0&apos;, revision: &apos;e52b1be057*&apos;&#10;System info: os.name: &apos;Linux&apos;, os.arch: &apos;amd64&apos;, os.version: &apos;6.5.0-18-generic&apos;, java.version: &apos;17.0.9&apos;&#10;Driver info: org.openqa.selenium.firefox.FirefoxDriver&#10;Command: [null, newSession {capabilities=[Capabilities {acceptInsecureCerts: true, browserName: firefox, moz:debuggerAddress: true, moz:firefoxOptions: {binary: /usr/bin/firefox}}]}]"/>
  </testcase>
  <testcase name="setUp" classname="com.chief.LoginTests" time="5.91">
    <failure message="Could not start a new session. Response code 500. Message: Process unexpectedly closed with status 1 &#10;Host info: host: &apos;BARACUDA-PC&apos;, ip: &apos;127.0.1.1&apos;&#10;Build info: version: &apos;4.17.0&apos;, revision: &apos;e52b1be057*&apos;&#10;System info: os.name: &apos;Linux&apos;, os.arch: &apos;amd64&apos;, os.version: &apos;6.5.0-18-generic&apos;, java.version: &apos;17.0.9&apos;&#10;Driver info: org.openqa.selenium.firefox.FirefoxDriver&#10;Command: [null, newSession {capabilities=[Capabilities {acceptInsecureCerts: true, browserName: firefox, moz:debuggerAddress: true, moz:firefoxOptions: {binary: /usr/bin/firefox}}]}]" type="org.openqa.selenium.SessionNotCreatedException"><![CDATA[org.openqa.selenium.SessionNotCreatedException: 
Could not start a new session. Response code 500. Message: Process unexpectedly closed with status 1 
Host info: host: 'BARACUDA-PC', ip: '127.0.1.1'
Build info: version: '4.17.0', revision: 'e52b1be057*'
System info: os.name: 'Linux', os.arch: 'amd64', os.version: '6.5.0-18-generic', java.version: '17.0.9'
Driver info: org.openqa.selenium.firefox.FirefoxDriver
Command: [null, newSession {capabilities=[Capabilities {acceptInsecureCerts: true, browserName: firefox, moz:debuggerAddress: true, moz:firefoxOptions: {binary: /usr/bin/firefox}}]}]
]]></failure>
  </testcase>
  <testcase name="setUp" classname="com.chief.LoginTests" time="0">
    <skipped/>
  </testcase>
  <testcase name="loginFailed" classname="com.chief.LoginTests" time="0">
    <skipped message="Could not start a new session. Response code 500. Message: Process unexpectedly closed with status 1 &#10;Host info: host: &apos;BARACUDA-PC&apos;, ip: &apos;127.0.1.1&apos;&#10;Build info: version: &apos;4.17.0&apos;, revision: &apos;e52b1be057*&apos;&#10;System info: os.name: &apos;Linux&apos;, os.arch: &apos;amd64&apos;, os.version: &apos;6.5.0-18-generic&apos;, java.version: &apos;17.0.9&apos;&#10;Driver info: org.openqa.selenium.firefox.FirefoxDriver&#10;Command: [null, newSession {capabilities=[Capabilities {acceptInsecureCerts: true, browserName: firefox, moz:debuggerAddress: true, moz:firefoxOptions: {binary: /usr/bin/firefox}}]}]"/>
  </testcase>
  <testcase name="loginSuccess" classname="com.chief.LoginTests" time="0">
    <skipped message="Could not start a new session. Response code 500. Message: Process unexpectedly closed with status 1 &#10;Host info: host: &apos;BARACUDA-PC&apos;, ip: &apos;127.0.1.1&apos;&#10;Build info: version: &apos;4.17.0&apos;, revision: &apos;e52b1be057*&apos;&#10;System info: os.name: &apos;Linux&apos;, os.arch: &apos;amd64&apos;, os.version: &apos;6.5.0-18-generic&apos;, java.version: &apos;17.0.9&apos;&#10;Driver info: org.openqa.selenium.firefox.FirefoxDriver&#10;Command: [null, newSession {capabilities=[Capabilities {acceptInsecureCerts: true, browserName: firefox, moz:debuggerAddress: true, moz:firefoxOptions: {binary: /usr/bin/firefox}}]}]"/>
  </testcase>
  <testcase name="setUp" classname="com.chief.DashBoard" time="130.928">
    <failure message="Could not start a new session. Response code 500. Message: Failed to read marionette port &#10;Host info: host: &apos;BARACUDA-PC&apos;, ip: &apos;127.0.1.1&apos;&#10;Build info: version: &apos;4.17.0&apos;, revision: &apos;e52b1be057*&apos;&#10;System info: os.name: &apos;Linux&apos;, os.arch: &apos;amd64&apos;, os.version: &apos;6.5.0-18-generic&apos;, java.version: &apos;17.0.9&apos;&#10;Driver info: org.openqa.selenium.firefox.FirefoxDriver&#10;Command: [null, newSession {capabilities=[Capabilities {acceptInsecureCerts: true, browserName: firefox, moz:debuggerAddress: true, moz:firefoxOptions: {binary: /usr/bin/firefox}}]}]" type="org.openqa.selenium.SessionNotCreatedException"><![CDATA[org.openqa.selenium.SessionNotCreatedException: 
Could not start a new session. Response code 500. Message: Failed to read marionette port 
Host info: host: 'BARACUDA-PC', ip: '127.0.1.1'
Build info: version: '4.17.0', revision: 'e52b1be057*'
System info: os.name: 'Linux', os.arch: 'amd64', os.version: '6.5.0-18-generic', java.version: '17.0.9'
Driver info: org.openqa.selenium.firefox.FirefoxDriver
Command: [null, newSession {capabilities=[Capabilities {acceptInsecureCerts: true, browserName: firefox, moz:debuggerAddress: true, moz:firefoxOptions: {binary: /usr/bin/firefox}}]}]
]]></failure>
  </testcase>
  <testcase name="setUp" classname="com.chief.DashBoard" time="0">
    <skipped/>
  </testcase>
  <testcase name="setUp" classname="com.chief.DashBoard" time="0">
    <skipped/>
  </testcase>
  <testcase name="setUp" classname="com.chief.DashBoard" time="0">
    <skipped/>
  </testcase>
  <testcase name="setUp" classname="com.chief.DashBoard" time="0">
    <skipped/>
  </testcase>
  <testcase name="setUp" classname="com.chief.DashBoard" time="0">
    <skipped/>
  </testcase>
  <testcase name="testActivePollsLink" classname="com.chief.DashBoard" time="0">
    <skipped message="Could not start a new session. Response code 500. Message: Failed to read marionette port &#10;Host info: host: &apos;BARACUDA-PC&apos;, ip: &apos;127.0.1.1&apos;&#10;Build info: version: &apos;4.17.0&apos;, revision: &apos;e52b1be057*&apos;&#10;System info: os.name: &apos;Linux&apos;, os.arch: &apos;amd64&apos;, os.version: &apos;6.5.0-18-generic&apos;, java.version: &apos;17.0.9&apos;&#10;Driver info: org.openqa.selenium.firefox.FirefoxDriver&#10;Command: [null, newSession {capabilities=[Capabilities {acceptInsecureCerts: true, browserName: firefox, moz:debuggerAddress: true, moz:firefoxOptions: {binary: /usr/bin/firefox}}]}]"/>
  </testcase>
  <testcase name="testCreatePollLink" classname="com.chief.DashBoard" time="0">
    <skipped message="Could not start a new session. Response code 500. Message: Failed to read marionette port &#10;Host info: host: &apos;BARACUDA-PC&apos;, ip: &apos;127.0.1.1&apos;&#10;Build info: version: &apos;4.17.0&apos;, revision: &apos;e52b1be057*&apos;&#10;System info: os.name: &apos;Linux&apos;, os.arch: &apos;amd64&apos;, os.version: &apos;6.5.0-18-generic&apos;, java.version: &apos;17.0.9&apos;&#10;Driver info: org.openqa.selenium.firefox.FirefoxDriver&#10;Command: [null, newSession {capabilities=[Capabilities {acceptInsecureCerts: true, browserName: firefox, moz:debuggerAddress: true, moz:firefoxOptions: {binary: /usr/bin/firefox}}]}]"/>
  </testcase>
  <testcase name="testDashboardLink" classname="com.chief.DashBoard" time="0">
    <skipped message="Could not start a new session. Response code 500. Message: Failed to read marionette port &#10;Host info: host: &apos;BARACUDA-PC&apos;, ip: &apos;127.0.1.1&apos;&#10;Build info: version: &apos;4.17.0&apos;, revision: &apos;e52b1be057*&apos;&#10;System info: os.name: &apos;Linux&apos;, os.arch: &apos;amd64&apos;, os.version: &apos;6.5.0-18-generic&apos;, java.version: &apos;17.0.9&apos;&#10;Driver info: org.openqa.selenium.firefox.FirefoxDriver&#10;Command: [null, newSession {capabilities=[Capabilities {acceptInsecureCerts: true, browserName: firefox, moz:debuggerAddress: true, moz:firefoxOptions: {binary: /usr/bin/firefox}}]}]"/>
  </testcase>
  <testcase name="testPollDescription" classname="com.chief.DashBoard" time="0">
    <skipped message="Could not start a new session. Response code 500. Message: Failed to read marionette port &#10;Host info: host: &apos;BARACUDA-PC&apos;, ip: &apos;127.0.1.1&apos;&#10;Build info: version: &apos;4.17.0&apos;, revision: &apos;e52b1be057*&apos;&#10;System info: os.name: &apos;Linux&apos;, os.arch: &apos;amd64&apos;, os.version: &apos;6.5.0-18-generic&apos;, java.version: &apos;17.0.9&apos;&#10;Driver info: org.openqa.selenium.firefox.FirefoxDriver&#10;Command: [null, newSession {capabilities=[Capabilities {acceptInsecureCerts: true, browserName: firefox, moz:debuggerAddress: true, moz:firefoxOptions: {binary: /usr/bin/firefox}}]}]"/>
  </testcase>
  <testcase name="testSignOutLink" classname="com.chief.DashBoard" time="0">
    <skipped message="Could not start a new session. Response code 500. Message: Failed to read marionette port &#10;Host info: host: &apos;BARACUDA-PC&apos;, ip: &apos;127.0.1.1&apos;&#10;Build info: version: &apos;4.17.0&apos;, revision: &apos;e52b1be057*&apos;&#10;System info: os.name: &apos;Linux&apos;, os.arch: &apos;amd64&apos;, os.version: &apos;6.5.0-18-generic&apos;, java.version: &apos;17.0.9&apos;&#10;Driver info: org.openqa.selenium.firefox.FirefoxDriver&#10;Command: [null, newSession {capabilities=[Capabilities {acceptInsecureCerts: true, browserName: firefox, moz:debuggerAddress: true, moz:firefoxOptions: {binary: /usr/bin/firefox}}]}]"/>
  </testcase>
  <testcase name="testDashboard" classname="com.chief.DashBoard" time="0">
    <skipped message="Could not start a new session. Response code 500. Message: Failed to read marionette port &#10;Host info: host: &apos;BARACUDA-PC&apos;, ip: &apos;127.0.1.1&apos;&#10;Build info: version: &apos;4.17.0&apos;, revision: &apos;e52b1be057*&apos;&#10;System info: os.name: &apos;Linux&apos;, os.arch: &apos;amd64&apos;, os.version: &apos;6.5.0-18-generic&apos;, java.version: &apos;17.0.9&apos;&#10;Driver info: org.openqa.selenium.firefox.FirefoxDriver&#10;Command: [null, newSession {capabilities=[Capabilities {acceptInsecureCerts: true, browserName: firefox, moz:debuggerAddress: true, moz:firefoxOptions: {binary: /usr/bin/firefox}}]}]"/>
  </testcase>
  <testcase name="setUp" classname="com.chief.RegistrationTests" time="3.594">
    <failure message="Could not start a new session. Response code 500. Message: Process unexpectedly closed with status 1 &#10;Host info: host: &apos;BARACUDA-PC&apos;, ip: &apos;127.0.1.1&apos;&#10;Build info: version: &apos;4.17.0&apos;, revision: &apos;e52b1be057*&apos;&#10;System info: os.name: &apos;Linux&apos;, os.arch: &apos;amd64&apos;, os.version: &apos;6.5.0-18-generic&apos;, java.version: &apos;17.0.9&apos;&#10;Driver info: org.openqa.selenium.firefox.FirefoxDriver&#10;Command: [null, newSession {capabilities=[Capabilities {acceptInsecureCerts: true, browserName: firefox, moz:debuggerAddress: true, moz:firefoxOptions: {binary: /usr/bin/firefox}}]}]" type="org.openqa.selenium.SessionNotCreatedException"><![CDATA[org.openqa.selenium.SessionNotCreatedException: 
Could not start a new session. Response code 500. Message: Process unexpectedly closed with status 1 
Host info: host: 'BARACUDA-PC', ip: '127.0.1.1'
Build info: version: '4.17.0', revision: 'e52b1be057*'
System info: os.name: 'Linux', os.arch: 'amd64', os.version: '6.5.0-18-generic', java.version: '17.0.9'
Driver info: org.openqa.selenium.firefox.FirefoxDriver
Command: [null, newSession {capabilities=[Capabilities {acceptInsecureCerts: true, browserName: firefox, moz:debuggerAddress: true, moz:firefoxOptions: {binary: /usr/bin/firefox}}]}]
]]></failure>
  </testcase>
  <testcase name="setUp" classname="com.chief.RegistrationTests" time="0">
    <skipped/>
  </testcase>
  <testcase name="registrationFail" classname="com.chief.RegistrationTests" time="0">
    <skipped message="Could not start a new session. Response code 500. Message: Process unexpectedly closed with status 1 &#10;Host info: host: &apos;BARACUDA-PC&apos;, ip: &apos;127.0.1.1&apos;&#10;Build info: version: &apos;4.17.0&apos;, revision: &apos;e52b1be057*&apos;&#10;System info: os.name: &apos;Linux&apos;, os.arch: &apos;amd64&apos;, os.version: &apos;6.5.0-18-generic&apos;, java.version: &apos;17.0.9&apos;&#10;Driver info: org.openqa.selenium.firefox.FirefoxDriver&#10;Command: [null, newSession {capabilities=[Capabilities {acceptInsecureCerts: true, browserName: firefox, moz:debuggerAddress: true, moz:firefoxOptions: {binary: /usr/bin/firefox}}]}]"/>
  </testcase>
  <testcase name="registrationSuccess" classname="com.chief.RegistrationTests" time="0">
    <skipped message="Could not start a new session. Response code 500. Message: Process unexpectedly closed with status 1 &#10;Host info: host: &apos;BARACUDA-PC&apos;, ip: &apos;127.0.1.1&apos;&#10;Build info: version: &apos;4.17.0&apos;, revision: &apos;e52b1be057*&apos;&#10;System info: os.name: &apos;Linux&apos;, os.arch: &apos;amd64&apos;, os.version: &apos;6.5.0-18-generic&apos;, java.version: &apos;17.0.9&apos;&#10;Driver info: org.openqa.selenium.firefox.FirefoxDriver&#10;Command: [null, newSession {capabilities=[Capabilities {acceptInsecureCerts: true, browserName: firefox, moz:debuggerAddress: true, moz:firefoxOptions: {binary: /usr/bin/firefox}}]}]"/>
  </testcase>
  <testcase name="testActual" classname="com.chief.SampleTestNg" time="0.009">
    <system-out><![CDATA[Second to be executed!!
]]></system-out>
  </testcase>
  <testcase name="setUp" classname="com.chief.CreatePollTest" time="5">
    <failure message="Could not start a new session. Response code 500. Message: Process unexpectedly closed with status 1 &#10;Host info: host: &apos;BARACUDA-PC&apos;, ip: &apos;127.0.1.1&apos;&#10;Build info: version: &apos;4.17.0&apos;, revision: &apos;e52b1be057*&apos;&#10;System info: os.name: &apos;Linux&apos;, os.arch: &apos;amd64&apos;, os.version: &apos;6.5.0-18-generic&apos;, java.version: &apos;17.0.9&apos;&#10;Driver info: org.openqa.selenium.firefox.FirefoxDriver&#10;Command: [null, newSession {capabilities=[Capabilities {acceptInsecureCerts: true, browserName: firefox, moz:debuggerAddress: true, moz:firefoxOptions: {binary: /usr/bin/firefox}}]}]" type="org.openqa.selenium.SessionNotCreatedException"><![CDATA[org.openqa.selenium.SessionNotCreatedException: 
Could not start a new session. Response code 500. Message: Process unexpectedly closed with status 1 
Host info: host: 'BARACUDA-PC', ip: '127.0.1.1'
Build info: version: '4.17.0', revision: 'e52b1be057*'
System info: os.name: 'Linux', os.arch: 'amd64', os.version: '6.5.0-18-generic', java.version: '17.0.9'
Driver info: org.openqa.selenium.firefox.FirefoxDriver
Command: [null, newSession {capabilities=[Capabilities {acceptInsecureCerts: true, browserName: firefox, moz:debuggerAddress: true, moz:firefoxOptions: {binary: /usr/bin/firefox}}]}]
]]></failure>
  </testcase>
  <testcase name="testFormNavigation" classname="com.chief.CreatePollTest" time="0">
    <skipped message="Could not start a new session. Response code 500. Message: Process unexpectedly closed with status 1 &#10;Host info: host: &apos;BARACUDA-PC&apos;, ip: &apos;127.0.1.1&apos;&#10;Build info: version: &apos;4.17.0&apos;, revision: &apos;e52b1be057*&apos;&#10;System info: os.name: &apos;Linux&apos;, os.arch: &apos;amd64&apos;, os.version: &apos;6.5.0-18-generic&apos;, java.version: &apos;17.0.9&apos;&#10;Driver info: org.openqa.selenium.firefox.FirefoxDriver&#10;Command: [null, newSession {capabilities=[Capabilities {acceptInsecureCerts: true, browserName: firefox, moz:debuggerAddress: true, moz:firefoxOptions: {binary: /usr/bin/firefox}}]}]"/>
  </testcase>
  <testcase name="tearDown" classname="com.chief.BaseTestClass" time="0">
    <skipped/>
  </testcase>
</testsuite>