<?xml version="1.0" encoding="UTF-8"?>
<!-- Generated by org.testng.reporters.JUnitXMLReporter -->
<testsuite ignored="1" hostname="BARACUDA-PC" failures="4" tests="4" name="Command line test" time="0.164" errors="0" timestamp="2024-02-19T21:33:49 EAT">
  <testcase classname="com.chief.LoginTests" name="@AfterClass destroy" time="0.02">
    <failure type="java.lang.NullPointerException">
      <![CDATA[java.lang.NullPointerException
at com.chief.LoginTests.destroy(LoginTests.java:53)
at java.base/java.util.ArrayList.forEach(ArrayList.java:1541)
at com.chief.AppTest.main(AppTest.java:39)
... Removed 23 stack frames]]>
    </failure>
  </testcase> <!-- @AfterClass destroy -->
  <testcase classname="com.chief.RegistrationTests" name="registrationFail" time="0.02">
    <failure type="java.lang.NullPointerException">
      <![CDATA[java.lang.NullPointerException
at com.chief.RegistrationTests.registrationFail(RegistrationTests.java:39)
at java.base/java.util.ArrayList.forEach(ArrayList.java:1541)
at com.chief.AppTest.main(AppTest.java:39)
... Removed 24 stack frames]]>
    </failure>
  </testcase> <!-- registrationFail -->
  <testcase classname="com.chief.RegistrationTests" name="registrationSuccess" time="0.0">
    <failure type="java.lang.NullPointerException">
      <![CDATA[java.lang.NullPointerException
at com.chief.RegistrationTests.registrationSuccess(RegistrationTests.java:17)
at java.base/java.util.ArrayList.forEach(ArrayList.java:1541)
at com.chief.AppTest.main(AppTest.java:39)
... Removed 24 stack frames]]>
    </failure>
  </testcase> <!-- registrationSuccess -->
  <testcase classname="com.chief.LoginTests" name="loginFailed" time="0.0">
    <failure type="java.lang.NullPointerException">
      <![CDATA[java.lang.NullPointerException
at com.chief.LoginTests.loginFailed(LoginTests.java:33)
at java.base/java.util.ArrayList.forEach(ArrayList.java:1541)
at com.chief.AppTest.main(AppTest.java:39)
... Removed 24 stack frames]]>
    </failure>
  </testcase> <!-- loginFailed -->
  <testcase classname="com.chief.LoginTests" name="loginSuccess" time="0.0">
    <failure type="java.lang.NullPointerException">
      <![CDATA[java.lang.NullPointerException
at com.chief.LoginTests.loginSuccess(LoginTests.java:16)
at java.base/java.util.ArrayList.forEach(ArrayList.java:1541)
at com.chief.AppTest.main(AppTest.java:39)
... Removed 24 stack frames]]>
    </failure>
  </testcase> <!-- loginSuccess -->
  <testcase classname="com.chief.BaseTestClass" name="@AfterSuite tearDown" time="0.0">
    <ignored/>
  </testcase> <!-- @AfterSuite tearDown -->
</testsuite> <!-- Command line test -->
